Build started 7/18/2013 1:22:33 PM.
     1>Project "C:\bin\src\Iridium\Projects\Core.vcxproj" on node 3 (Build target(s)).
     1>InitializeBuildStatus:
         Touching "C:\bin\src\Iridium\Binaries\Debug\Core.unsuccessfulbuild".
       ClCompile:
         C:\Program Files (x86)\Microsoft Visual Studio 11.0\VC\bin\CL.exe /c /IC:\bin\src\glrenderer\src /ZI /nologo /W3 /WX- /Od /Oy- /D _MBCS /Gm /EHsc /RTC1 /MDd /GS /fp:precise /Zc:wchar_t /Zc:forScope /Fo"C:\bin\src\Iridium\Binaries\Debug\\" /Fd"C:\bin\src\Iridium\Binaries\Debug\vc110.pdb" /Gd /TP /analyze- /errorReport:prompt ..\Source\Core\Application.cpp ..\Source\Core\Binding.cpp ..\Source\Core\Button.cpp ..\Source\Core\Control.cpp ..\Source\Core\ControlTemplate.cpp ..\Source\Core\Object.cpp ..\Source\Core\Window.cpp
         Window.cpp
         ControlTemplate.cpp
         Control.cpp
         Button.cpp
         Binding.cpp
         Application.cpp
         Generating Code...
         Skipping... (no relevant changes detected)
         Object.cpp
       Link:
         C:\Program Files (x86)\Microsoft Visual Studio 11.0\VC\bin\link.exe /ERRORREPORT:PROMPT /OUT:"C:\bin\src\Iridium\Binaries\Debug\Core_debug.exe" /INCREMENTAL /NOLOGO /LIBPATH:C:\bin\src\Iridium\Binaries\Debug\ Common_debug.lib kernel32.lib user32.lib gdi32.lib winspool.lib comdlg32.lib advapi32.lib shell32.lib ole32.lib oleaut32.lib uuid.lib odbc32.lib odbccp32.lib /MANIFEST /MANIFESTUAC:"level='asInvoker' uiAccess='false'" /manifest:embed /DEBUG /PDB:"C:\bin\src\Iridium\Binaries\Debug\Core_debug.pdb" /TLBID:1 /DYNAMICBASE /NXCOMPAT /IMPLIB:"C:\bin\src\Iridium\Binaries\Debug\Core_debug.lib" /MACHINE:X86 C:\bin\src\Iridium\Binaries\Debug\Application.obj
         C:\bin\src\Iridium\Binaries\Debug\Binding.obj
         C:\bin\src\Iridium\Binaries\Debug\Button.obj
         C:\bin\src\Iridium\Binaries\Debug\Control.obj
         C:\bin\src\Iridium\Binaries\Debug\ControlTemplate.obj
         C:\bin\src\Iridium\Binaries\Debug\Object.obj
         C:\bin\src\Iridium\Binaries\Debug\Window.obj
         Core.vcxproj -> C:\bin\src\Iridium\Binaries\Debug\Core_debug.exe
       FinalizeBuildStatus:
         Deleting file "C:\bin\src\Iridium\Binaries\Debug\Core.unsuccessfulbuild".
         Touching "C:\bin\src\Iridium\Binaries\Debug\Core.lastbuildstate".
     1>Done Building Project "C:\bin\src\Iridium\Projects\Core.vcxproj" (Build target(s)).

Build succeeded.

Time Elapsed 00:00:05.03
