Build started 9/29/2013 9:40:35 AM.
     1>Project "C:\bin\src\Iridium\Iridium.vcxproj" on node 2 (Build target(s)).
     1>InitializeBuildStatus:
         Creating "C:\bin\src\Iridium\Binaries\Debug\Iridium.unsuccessfulbuild" because "AlwaysCreate" was specified.
       ClCompile:
         C:\Program Files (x86)\Microsoft Visual Studio 11.0\VC\bin\CL.exe /c /I"C:\bin\src\cairo-1.12.16\src" /ZI /nologo /W3 /WX- /sdl /Od /Oy- /D _MBCS /Gm /EHsc /RTC1 /MDd /GS /fp:precise /Zc:wchar_t /Zc:forScope /Fo"C:\bin\src\Iridium\Binaries\Debug\\" /Fd"C:\bin\src\Iridium\Binaries\Debug\vc110.pdb" /Gd /TP /analyze- /errorReport:prompt Source\Core\CairoRenderer.cpp
         CairoRenderer.cpp
       Link:
         C:\Program Files (x86)\Microsoft Visual Studio 11.0\VC\bin\link.exe /ERRORREPORT:PROMPT /OUT:"C:\bin\src\Iridium\Binaries\Debug\Iridium_debug.exe" /INCREMENTAL /NOLOGO /LIBPATH:Lib/Debug cairo.lib kernel32.lib user32.lib gdi32.lib winspool.lib comdlg32.lib advapi32.lib shell32.lib ole32.lib oleaut32.lib uuid.lib odbc32.lib odbccp32.lib /MANIFEST /MANIFESTUAC:"level='asInvoker' uiAccess='false'" /manifest:embed /DEBUG /PDB:"C:\bin\src\Iridium\Binaries\Debug\Iridium_debug.pdb" /TLBID:1 /DYNAMICBASE /NXCOMPAT /IMPLIB:"C:\bin\src\Iridium\Binaries\Debug\Iridium_debug.lib" /MACHINE:X86 C:\bin\src\Iridium\Binaries\Debug\StringHash.obj
         C:\bin\src\Iridium\Binaries\Debug\WindowHelper.obj
         C:\bin\src\Iridium\Binaries\Debug\Application.obj
         C:\bin\src\Iridium\Binaries\Debug\Binding.obj
         C:\bin\src\Iridium\Binaries\Debug\Button.obj
         C:\bin\src\Iridium\Binaries\Debug\CairoRenderer.obj
         C:\bin\src\Iridium\Binaries\Debug\CombinedGeometry.obj
         C:\bin\src\Iridium\Binaries\Debug\DependencyObject.obj
         C:\bin\src\Iridium\Binaries\Debug\Element.obj
         C:\bin\src\Iridium\Binaries\Debug\Ellipse.obj
         C:\bin\src\Iridium\Binaries\Debug\EllipseGeometry.obj
         C:\bin\src\Iridium\Binaries\Debug\FontFamily.obj
         C:\bin\src\Iridium\Binaries\Debug\FontManager.obj
         C:\bin\src\Iridium\Binaries\Debug\Geometry.obj
         C:\bin\src\Iridium\Binaries\Debug\LineGeometry.obj
         C:\bin\src\Iridium\Binaries\Debug\Path.obj
         C:\bin\src\Iridium\Binaries\Debug\PathGeometry.obj
         C:\bin\src\Iridium\Binaries\Debug\ContentProperty.obj
         C:\bin\src\Iridium\Binaries\Debug\Control.obj
         C:\bin\src\Iridium\Binaries\Debug\ControlTemplate.obj
         C:\bin\src\Iridium\Binaries\Debug\Object.obj
         C:\bin\src\Iridium\Binaries\Debug\FontProperty.obj
         C:\bin\src\Iridium\Binaries\Debug\MarginProperty.obj
         C:\bin\src\Iridium\Binaries\Debug\StringProperty.obj
         C:\bin\src\Iridium\Binaries\Debug\Rectangle.obj
         C:\bin\src\Iridium\Binaries\Debug\RectangleGeometry.obj
         C:\bin\src\Iridium\Binaries\Debug\Shape.obj
         C:\bin\src\Iridium\Binaries\Debug\Text.obj
         C:\bin\src\Iridium\Binaries\Debug\Window.obj
         C:\bin\src\Iridium\Binaries\Debug\main.obj
         C:\bin\src\Iridium\Binaries\Debug\LayoutEngine.obj
         Iridium.vcxproj -> C:\bin\src\Iridium\Binaries\Debug\Iridium_debug.exe
       FinalizeBuildStatus:
         Deleting file "C:\bin\src\Iridium\Binaries\Debug\Iridium.unsuccessfulbuild".
         Touching "C:\bin\src\Iridium\Binaries\Debug\Iridium.lastbuildstate".
     1>Done Building Project "C:\bin\src\Iridium\Iridium.vcxproj" (Build target(s)).

Build succeeded.

Time Elapsed 00:00:01.59
