C:\BIN\SRC\IRIDIUM\BINARIES\DEBUG\STRINGHASH.OBJ
C:\BIN\SRC\IRIDIUM\BINARIES\DEBUG\WINDOWHELPER.OBJ
C:\BIN\SRC\IRIDIUM\BINARIES\DEBUG\APPLICATION.OBJ
C:\BIN\SRC\IRIDIUM\BINARIES\DEBUG\BINDING.OBJ
C:\BIN\SRC\IRIDIUM\BINARIES\DEBUG\BUTTON.OBJ
C:\BIN\SRC\IRIDIUM\BINARIES\DEBUG\ELEMENT.OBJ
C:\BIN\SRC\IRIDIUM\BINARIES\DEBUG\FONTFAMILY.OBJ
C:\BIN\SRC\IRIDIUM\BINARIES\DEBUG\CONTENTPROPERTY.OBJ
C:\BIN\SRC\IRIDIUM\BINARIES\DEBUG\CONTROL.OBJ
C:\BIN\SRC\IRIDIUM\BINARIES\DEBUG\CONTROLTEMPLATE.OBJ
C:\BIN\SRC\IRIDIUM\BINARIES\DEBUG\OBJECT.OBJ
C:\BIN\SRC\IRIDIUM\BINARIES\DEBUG\FONTPROPERTY.OBJ
C:\BIN\SRC\IRIDIUM\BINARIES\DEBUG\MARGINPROPERTY.OBJ
C:\BIN\SRC\IRIDIUM\BINARIES\DEBUG\STRINGPROPERTY.OBJ
C:\BIN\SRC\IRIDIUM\BINARIES\DEBUG\TEXT.OBJ
C:\BIN\SRC\IRIDIUM\BINARIES\DEBUG\WINDOW.OBJ
C:\BIN\SRC\IRIDIUM\BINARIES\DEBUG\MAIN.OBJ
C:\BIN\SRC\IRIDIUM\BINARIES\DEBUG\LAYOUTENGINE.OBJ
C:\BIN\SRC\IRIDIUM\BINARIES\DEBUG\VC110.PDB
C:\bin\src\Iridium\Binaries\Debug\Application.obj
C:\bin\src\Iridium\Binaries\Debug\Binding.obj
C:\bin\src\Iridium\Binaries\Debug\Button.obj
C:\bin\src\Iridium\Binaries\Debug\ContentProperty.obj
C:\bin\src\Iridium\Binaries\Debug\Control.obj
C:\bin\src\Iridium\Binaries\Debug\ControlTemplate.obj
C:\bin\src\Iridium\Binaries\Debug\Element.obj
C:\bin\src\Iridium\Binaries\Debug\FontFamily.obj
C:\bin\src\Iridium\Binaries\Debug\FontProperty.obj
C:\bin\src\Iridium\Binaries\Debug\LayoutEngine.obj
C:\bin\src\Iridium\Binaries\Debug\main.obj
C:\bin\src\Iridium\Binaries\Debug\MarginProperty.obj
C:\bin\src\Iridium\Binaries\Debug\Object.obj
C:\bin\src\Iridium\Binaries\Debug\StringHash.obj
C:\bin\src\Iridium\Binaries\Debug\StringProperty.obj
C:\bin\src\Iridium\Binaries\Debug\Text.obj
C:\bin\src\Iridium\Binaries\Debug\Window.obj
C:\bin\src\Iridium\Binaries\Debug\WindowHelper.obj
C:\bin\src\Iridium\Binaries\Debug\cl.command.1.tlog
C:\bin\src\Iridium\Binaries\Debug\CL.read.1.tlog
C:\bin\src\Iridium\Binaries\Debug\CL.write.1.tlog
C:\bin\src\Iridium\Binaries\Debug\vc110.idb
C:\bin\src\Iridium\Binaries\Debug\vc110.pdb
